Change Component Footprint: Designator=RB0 Old Footprint=AXIAL-0.4 New Footprint=R 1206
Change Component Footprint: Designator=RB1 Old Footprint=AXIAL-0.4 New Footprint=R 1206
Change Component Footprint: Designator=RB2 Old Footprint=AXIAL-0.4 New Footprint=R 1206
Change Component Footprint: Designator=RB3 Old Footprint=AXIAL-0.4 New Footprint=R 1206
Change Component Footprint: Designator=RB4 Old Footprint=AXIAL-0.4 New Footprint=R 1206
Change Component Footprint: Designator=RB5 Old Footprint=AXIAL-0.4 New Footprint=R 1206
Change Component Footprint: Designator=RB6 Old Footprint=AXIAL-0.4 New Footprint=R 1206
Change Component Footprint: Designator=RB7 Old Footprint=AXIAL-0.4 New Footprint=R 1206
Change Component Footprint: Designator=RB8 Old Footprint=AXIAL-0.4 New Footprint=R 1206
Change Component Footprint: Designator=RB9 Old Footprint=AXIAL-0.4 New Footprint=R 1206
Change Component Footprint: Designator=Rb Old Footprint=AXIAL-0.4 New Footprint=R 1206
Change Component Footprint: Designator=RS Old Footprint=AXIAL-0.4 New Footprint=R 1206
Change Component Footprint: Designator=RSRN Old Footprint=AXIAL-0.4 New Footprint=R 1206
Change Component Footprint: Designator=RSRP Old Footprint=AXIAL-0.4 New Footprint=R 1206
Change Component Footprint: Designator=CB0 Old Footprint=RAD-0.3 New Footprint=C 1206
Change Component Footprint: Designator=CB1 Old Footprint=RAD-0.3 New Footprint=C 1206
Change Component Footprint: Designator=CB2 Old Footprint=RAD-0.3 New Footprint=C 1206
Change Component Footprint: Designator=CB3 Old Footprint=RAD-0.3 New Footprint=C 1206
Change Component Footprint: Designator=CB4 Old Footprint=RAD-0.3 New Footprint=C 1206
Change Component Footprint: Designator=CB5 Old Footprint=RAD-0.3 New Footprint=C 1206
Change Component Footprint: Designator=CB6 Old Footprint=RAD-0.3 New Footprint=C 1206
Change Component Footprint: Designator=CB7 Old Footprint=RAD-0.3 New Footprint=C 1206
Change Component Footprint: Designator=CB8 Old Footprint=RAD-0.3 New Footprint=C 1206
Change Component Footprint: Designator=CB9 Old Footprint=RAD-0.3 New Footprint=C 1206
Change Component Footprint: Designator=Cb Old Footprint=RAD-0.3 New Footprint=C 1206
Change Component Footprint: Designator=Cegin Old Footprint=RAD-0.3 New Footprint=C 1206
Change Component Footprint: Designator=CP Old Footprint=RAD-0.3 New Footprint=C 1206
Change Component Footprint: Designator=Creg Old Footprint=RAD-0.3 New Footprint=C 1206
Change Component Footprint: Designator=CS Old Footprint=RAD-0.3 New Footprint=C 1206
Change Component Footprint: Designator=D2 Old Footprint=SMB New Footprint=SMC
