Removed Pin From Net: NetName=BAT- Pin=KC-3
Removed Pin From Net: NetName=CL1 Pin=KC-4
Removed Pin From Net: NetName=GND Pin=KC-5
Removed Pin From Net: NetName=NetKC_8 Pin=KC-7
Removed Pin From Net: NetName=NetC1_1 Pin=KC-8
Added Component: Designator=K?(RT424012613932433)
Add component (AddParameter): Name = "Arrow Part Number"; Value = ""; VariantName = "[No Variations]"
Add component (AddParameter): Name = "Arrow Price/Stock"; Value = ""; VariantName = "[No Variations]"
Add component (AddParameter): Name = "Datasheet Link"; Value = "https://www.te.com/commerce/DocumentDelivery/DDEController?Action=showdoc&DocId=Data+Sheet%7FRT2%7F1014%7Fpdf%7FEnglish%7FENG_DS_RT2_1014.pdf%7F6-1393243-3"; VariantName = "[No Variations]"
Add component (AddParameter): Name = "Height"; Value = "15.7mm"; VariantName = "[No Variations]"
Add component (AddParameter): Name = "Manufacturer_Name"; Value = "TE Connectivity"; VariantName = "[No Variations]"
Add component (AddParameter): Name = "Manufacturer_Part_Number"; Value = "RT424012 6-1393243-3"; VariantName = "[No Variations]"
Add component (AddParameter): Name = "Mouser Part Number"; Value = ""; VariantName = "[No Variations]"
Add component (AddParameter): Name = "Mouser Price/Stock"; Value = ""; VariantName = "[No Variations]"
Added Pin To Net: NetName=GND Pin=KC-1
Added Pin To Net: NetName=NetC1_1 Pin=KC-3
Added Pin To Net: NetName=BAT- Pin=KC-6
Added Pin To Net: NetName=CL1 Pin=KC-7
Added Pin To Net: NetName=NetKC_8 Pin=KC-8
Added Member To Class: ClassName=BLDC_Sch Member=Component K? RT424012_6-1393243-3
