Removed Pin From Net: NetName=BK_SW Pin=CBK-1
Removed Pin From Net: NetName=GND Pin=CBK-2
Removed Pin From Net: NetName=DRIVE_SW Pin=CDRV-1
Removed Pin From Net: NetName=GND Pin=CDRV-2
Removed Member From Class: ClassName=MC_Sch_1 Member=CBK
Removed Member From Class: ClassName=MC_Sch_1 Member=CDRV
Added Component: Designator=CB(CBB 6.3*6.3*5)
Add component (AddParameter): Name = "LatestRevisionDate"; Value = "17-Jul-2002"; VariantName = "[No Variations]"
Add component (AddParameter): Name = "LatestRevisionNote"; Value = "Re-released for DXP Platform."; VariantName = "[No Variations]"
Add component (AddParameter): Name = "PackageDescription"; Value = "Radial Cap, Thru-Hole; 2 Leads; 0.3 in Pin Spacing"; VariantName = "[No Variations]"
Add component (AddParameter): Name = "PackageReference"; Value = "RAD-0.3"; VariantName = "[No Variations]"
Add component (AddParameter): Name = "Published"; Value = "8-Jun-2000"; VariantName = "[No Variations]"
Add component (AddParameter): Name = "Publisher"; Value = "Altium Limited"; VariantName = "[No Variations]"
Add component (AddParameter): Name = "Value"; Value = "100pF"; VariantName = "[No Variations]"
Added Component: Designator=CD(CBB 6.3*6.3*5)
Add component (AddParameter): Name = "LatestRevisionDate"; Value = "17-Jul-2002"; VariantName = "[No Variations]"
Add component (AddParameter): Name = "LatestRevisionNote"; Value = "Re-released for DXP Platform."; VariantName = "[No Variations]"
Add component (AddParameter): Name = "PackageDescription"; Value = "Radial Cap, Thru-Hole; 2 Leads; 0.3 in Pin Spacing"; VariantName = "[No Variations]"
Add component (AddParameter): Name = "PackageReference"; Value = "RAD-0.3"; VariantName = "[No Variations]"
Add component (AddParameter): Name = "Published"; Value = "8-Jun-2000"; VariantName = "[No Variations]"
Add component (AddParameter): Name = "Publisher"; Value = "Altium Limited"; VariantName = "[No Variations]"
Add component (AddParameter): Name = "Value"; Value = "100pF"; VariantName = "[No Variations]"
Added Pin To Net: NetName=GND Pin=CB-1
Added Pin To Net: NetName=BK_SW Pin=CB-2
Added Pin To Net: NetName=GND Pin=CD-1
Added Pin To Net: NetName=DRIVE_SW Pin=CD-2
Added Member To Class: ClassName=MC_Sch_1 Member=Component CB Cap
Added Member To Class: ClassName=MC_Sch_1 Member=Component CD Cap
