Removed Pin From Net: NetName=WL Pin=RA-1
Removed Pin From Net: NetName=WH Pin=RA-2
Removed Pin From Net: NetName=VL Pin=RA-3
Removed Pin From Net: NetName=VH Pin=RA-4
Removed Pin From Net: NetName=UL Pin=RA-5
Removed Pin From Net: NetName=UH Pin=RA-6
Removed Pin From Net: NetName=PWML Pin=RA-7
Removed Pin From Net: NetName=PWMH Pin=RA-8
Removed Pin From Net: NetName=GND Pin=RA-9
Removed Pin From Net: NetName=GND Pin=RA-10
Removed Pin From Net: NetName=GND Pin=RA-11
Removed Pin From Net: NetName=GND Pin=RA-12
Removed Pin From Net: NetName=GND Pin=RA-13
Removed Pin From Net: NetName=GND Pin=RA-14
Removed Pin From Net: NetName=GND Pin=RA-15
Removed Pin From Net: NetName=GND Pin=RA-16
Added Pin To Net: NetName=GND Pin=RA-1
Added Pin To Net: NetName=GND Pin=RA-2
Added Pin To Net: NetName=GND Pin=RA-3
Added Pin To Net: NetName=GND Pin=RA-4
Added Pin To Net: NetName=GND Pin=RA-5
Added Pin To Net: NetName=GND Pin=RA-6
Added Pin To Net: NetName=GND Pin=RA-7
Added Pin To Net: NetName=GND Pin=RA-8
Added Pin To Net: NetName=WL Pin=RA-9
Added Pin To Net: NetName=WH Pin=RA-10
Added Pin To Net: NetName=VL Pin=RA-11
Added Pin To Net: NetName=VH Pin=RA-12
Added Pin To Net: NetName=UL Pin=RA-13
Added Pin To Net: NetName=UH Pin=RA-14
Added Pin To Net: NetName=PWML Pin=RA-15
Added Pin To Net: NetName=PWMH Pin=RA-16
